{"D:\\final project\\server\\services\\movies.service.js": {"path":"D:\\final project\\server\\services\\movies.service.js","statementMap":{"0":{"start":{"line":2,"column":14},"end":{"line":2,"column":30}},"1":{"start":{"line":3,"column":13},"end":{"line":3,"column":47}},"2":{"start":{"line":6,"column":4},"end":{"line":6,"column":17}},"3":{"start":{"line":11,"column":4},"end":{"line":23,"column":5}},"4":{"start":{"line":13,"column":22},"end":{"line":13,"column":68}},"5":{"start":{"line":14,"column":20},"end":{"line":14,"column":61}},"6":{"start":{"line":15,"column":25},"end":{"line":15,"column":57}},"7":{"start":{"line":16,"column":23},"end":{"line":16,"column":44}},"8":{"start":{"line":17,"column":8},"end":{"line":17,"column":45}},"9":{"start":{"line":20,"column":8},"end":{"line":20,"column":49}},"10":{"start":{"line":22,"column":8},"end":{"line":22,"column":62}},"11":{"start":{"line":27,"column":4},"end":{"line":39,"column":5}},"12":{"start":{"line":29,"column":22},"end":{"line":29,"column":67}},"13":{"start":{"line":30,"column":20},"end":{"line":30,"column":61}},"14":{"start":{"line":31,"column":25},"end":{"line":31,"column":57}},"15":{"start":{"line":32,"column":23},"end":{"line":32,"column":44}},"16":{"start":{"line":33,"column":8},"end":{"line":33,"column":45}},"17":{"start":{"line":36,"column":8},"end":{"line":36,"column":49}},"18":{"start":{"line":38,"column":8},"end":{"line":38,"column":62}},"19":{"start":{"line":43,"column":4},"end":{"line":55,"column":5}},"20":{"start":{"line":45,"column":22},"end":{"line":45,"column":69}},"21":{"start":{"line":46,"column":20},"end":{"line":46,"column":61}},"22":{"start":{"line":47,"column":25},"end":{"line":47,"column":57}},"23":{"start":{"line":48,"column":23},"end":{"line":48,"column":44}},"24":{"start":{"line":49,"column":8},"end":{"line":49,"column":45}},"25":{"start":{"line":52,"column":8},"end":{"line":52,"column":49}},"26":{"start":{"line":54,"column":8},"end":{"line":54,"column":62}},"27":{"start":{"line":60,"column":4},"end":{"line":71,"column":5}},"28":{"start":{"line":61,"column":22},"end":{"line":61,"column":64}},"29":{"start":{"line":62,"column":20},"end":{"line":62,"column":61}},"30":{"start":{"line":63,"column":25},"end":{"line":63,"column":57}},"31":{"start":{"line":64,"column":23},"end":{"line":64,"column":44}},"32":{"start":{"line":65,"column":8},"end":{"line":65,"column":46}},"33":{"start":{"line":68,"column":8},"end":{"line":68,"column":49}},"34":{"start":{"line":70,"column":8},"end":{"line":70,"column":62}},"35":{"start":{"line":75,"column":4},"end":{"line":87,"column":5}},"36":{"start":{"line":77,"column":22},"end":{"line":77,"column":67}},"37":{"start":{"line":78,"column":20},"end":{"line":78,"column":61}},"38":{"start":{"line":79,"column":25},"end":{"line":79,"column":57}},"39":{"start":{"line":80,"column":23},"end":{"line":80,"column":44}},"40":{"start":{"line":81,"column":8},"end":{"line":81,"column":46}},"41":{"start":{"line":84,"column":8},"end":{"line":84,"column":49}},"42":{"start":{"line":86,"column":8},"end":{"line":86,"column":62}},"43":{"start":{"line":91,"column":4},"end":{"line":102,"column":5}},"44":{"start":{"line":92,"column":22},"end":{"line":92,"column":66}},"45":{"start":{"line":93,"column":20},"end":{"line":93,"column":61}},"46":{"start":{"line":94,"column":25},"end":{"line":94,"column":57}},"47":{"start":{"line":95,"column":23},"end":{"line":95,"column":44}},"48":{"start":{"line":96,"column":8},"end":{"line":96,"column":46}},"49":{"start":{"line":99,"column":8},"end":{"line":99,"column":49}},"50":{"start":{"line":101,"column":8},"end":{"line":101,"column":62}},"51":{"start":{"line":110,"column":0},"end":{"line":110,"column":45}},"52":{"start":{"line":111,"column":0},"end":{"line":111,"column":45}},"53":{"start":{"line":112,"column":0},"end":{"line":112,"column":45}},"54":{"start":{"line":114,"column":0},"end":{"line":114,"column":37}},"55":{"start":{"line":115,"column":0},"end":{"line":115,"column":37}},"56":{"start":{"line":116,"column":0},"end":{"line":116,"column":37}},"57":{"start":{"line":118,"column":0},"end":{"line":118,"column":37}}},"fnMap":{"0":{"name":"setApiKey","decl":{"start":{"line":5,"column":9},"end":{"line":5,"column":18}},"loc":{"start":{"line":5,"column":23},"end":{"line":7,"column":1}},"line":5},"1":{"name":"getTopMovies1","decl":{"start":{"line":10,"column":15},"end":{"line":10,"column":28}},"loc":{"start":{"line":10,"column":38},"end":{"line":24,"column":1}},"line":10},"2":{"name":"getTopMovies2","decl":{"start":{"line":26,"column":15},"end":{"line":26,"column":28}},"loc":{"start":{"line":26,"column":38},"end":{"line":40,"column":1}},"line":26},"3":{"name":"getTopMovies3","decl":{"start":{"line":42,"column":15},"end":{"line":42,"column":28}},"loc":{"start":{"line":42,"column":38},"end":{"line":56,"column":1}},"line":42},"4":{"name":"getTopTV1","decl":{"start":{"line":59,"column":15},"end":{"line":59,"column":24}},"loc":{"start":{"line":59,"column":34},"end":{"line":72,"column":1}},"line":59},"5":{"name":"getTopTV2","decl":{"start":{"line":74,"column":15},"end":{"line":74,"column":24}},"loc":{"start":{"line":74,"column":34},"end":{"line":88,"column":1}},"line":74},"6":{"name":"getTopTV3","decl":{"start":{"line":90,"column":15},"end":{"line":90,"column":24}},"loc":{"start":{"line":90,"column":34},"end":{"line":103,"column":1}},"line":90}},"branchMap":{},"s":{"0":1,"1":1,"2":2,"3":2,"4":2,"5":2,"6":2,"7":1,"8":1,"9":1,"10":1,"11":2,"12":2,"13":2,"14":2,"15":1,"16":1,"17":1,"18":1,"19":2,"20":2,"21":2,"22":2,"23":1,"24":1,"25":1,"26":1,"27":2,"28":2,"29":2,"30":2,"31":1,"32":1,"33":1,"34":1,"35":2,"36":2,"37":2,"38":2,"39":1,"40":1,"41":1,"42":1,"43":2,"44":2,"45":2,"46":2,"47":1,"48":1,"49":1,"50":1,"51":1,"52":1,"53":1,"54":1,"55":1,"56":1,"57":1},"f":{"0":2,"1":2,"2":2,"3":2,"4":2,"5":2,"6":2},"b":{},"_coverageSchema":"1a1c01bbd47fc00a2c39e90264f33305004495a9","hash":"570368c003834c4366debdd88baa2379ea00ca58"}
}
