TN:
SF:services\movies.service.js
FN:5,setApiKey
FN:10,getTopMovies1
FN:26,getTopMovies2
FN:42,getTopMovies3
FN:59,getTopTV1
FN:74,getTopTV2
FN:90,getTopTV3
FNF:7
FNH:7
FNDA:2,setApiKey
FNDA:2,getTopMovies1
FNDA:2,getTopMovies2
FNDA:2,getTopMovies3
FNDA:2,getTopTV1
FNDA:2,getTopTV2
FNDA:2,getTopTV3
DA:2,1
DA:3,1
DA:6,2
DA:11,2
DA:13,2
DA:14,2
DA:15,2
DA:16,1
DA:17,1
DA:20,1
DA:22,1
DA:27,2
DA:29,2
DA:30,2
DA:31,2
DA:32,1
DA:33,1
DA:36,1
DA:38,1
DA:43,2
DA:45,2
DA:46,2
DA:47,2
DA:48,1
DA:49,1
DA:52,1
DA:54,1
DA:60,2
DA:61,2
DA:62,2
DA:63,2
DA:64,1
DA:65,1
DA:68,1
DA:70,1
DA:75,2
DA:77,2
DA:78,2
DA:79,2
DA:80,1
DA:81,1
DA:84,1
DA:86,1
DA:91,2
DA:92,2
DA:93,2
DA:94,2
DA:95,1
DA:96,1
DA:99,1
DA:101,1
DA:110,1
DA:111,1
DA:112,1
DA:114,1
DA:115,1
DA:116,1
DA:118,1
LF:58
LH:58
BRF:0
BRH:0
end_of_record
